<?xml version="1.0" encoding="UTF-8"?>
<!-- Generated by org.testng.reporters.JUnitXMLReporter -->
<testsuite ignored="6" hostname="Sudhanshu-Uniyal" failures="0" tests="4" name="Test" time="54.084" errors="0" timestamp="2022-07-26T22:02:38 IST">
  <testcase classname="com.amazon.testcases.Aws001" name="verifyHomePageTitle" time="7.147"/>
  <testcase classname="com.amazon.testcases.Aws002" name="addBookToCart" time="25.22"/>
  <testcase classname="com.amazon.testcases.Aws003" name="changeLanguage" time="14.57"/>
  <testcase classname="com.amazon.testcases.Aws004" name="joinPrime" time="7.062"/>
  <testcase classname="com.amazon.utility.BaseClass" name="@BeforeSuite start" time="0.0">
    <ignored/>
  </testcase> <!-- @BeforeSuite start -->
  <testcase classname="com.amazon.utility.BaseClass" name="@BeforeSuite start" time="0.0">
    <ignored/>
  </testcase> <!-- @BeforeSuite start -->
  <testcase classname="com.amazon.utility.BaseClass" name="@BeforeSuite start" time="0.0">
    <ignored/>
  </testcase> <!-- @BeforeSuite start -->
  <testcase classname="com.amazon.utility.BaseClass" name="@AfterSuite end" time="0.0">
    <ignored/>
  </testcase> <!-- @AfterSuite end -->
  <testcase classname="com.amazon.utility.BaseClass" name="@AfterSuite end" time="0.0">
    <ignored/>
  </testcase> <!-- @AfterSuite end -->
  <testcase classname="com.amazon.utility.BaseClass" name="@AfterSuite end" time="0.0">
    <ignored/>
  </testcase> <!-- @AfterSuite end -->
</testsuite> <!-- Test -->
