<?xml version="1.0" encoding="UTF-8"?>
<testng-results ignored="0" total="1" passed="1" failed="0" skipped="0">
  <reporter-output>
  </reporter-output>
  <suite started-at="2022-07-26T22:18:31 IST" name="Default suite" finished-at="2022-07-26T22:18:39 IST" duration-ms="7810">
    <groups>
    </groups>
    <test started-at="2022-07-26T22:18:31 IST" name="Default test" finished-at="2022-07-26T22:18:39 IST" duration-ms="7810">
      <class name="com.amazon.testcases.Aws001">
        <test-method is-config="true" signature="start()[pri:0, instance:com.amazon.testcases.Aws001@47af7f3d]" started-at="2022-07-26T22:18:29 IST" name="start" finished-at="2022-07-26T22:18:31 IST" duration-ms="2591" status="PASS">
          <reporter-output>
          </reporter-output>
        </test-method> <!-- start -->
        <test-method signature="verifyHomePageTitle()[pri:0, instance:com.amazon.testcases.Aws001@47af7f3d]" started-at="2022-07-26T22:18:31 IST" name="verifyHomePageTitle" finished-at="2022-07-26T22:18:39 IST" duration-ms="7758" status="PASS">
          <reporter-output>
          </reporter-output>
        </test-method> <!-- verifyHomePageTitle -->
        <test-method is-config="true" signature="end()[pri:0, instance:com.amazon.testcases.Aws001@47af7f3d]" started-at="2022-07-26T22:18:39 IST" name="end" finished-at="2022-07-26T22:18:43 IST" duration-ms="4267" status="PASS">
          <reporter-output>
          </reporter-output>
        </test-method> <!-- end -->
      </class> <!-- com.amazon.testcases.Aws001 -->
    </test> <!-- Default test -->
  </suite> <!-- Default suite -->
</testng-results>
